# JRE version: Java(TM) SE Runtime Environment (8.0_101-b13) (build 1.8.0_101-b13)
# Java VM: Java HotSpot(TM) 64-Bit Server VM (25.101-b13 mixed mode windows-amd64 compressed oops)
Heap:
 PSYoungGen      total 125952K, used 42758K [0x00000000eab00000, 0x00000000f4500000, 0x0000000100000000)
  eden space 106496K, 27% used [0x00000000eab00000,0x00000000ec7c5d18,0x00000000f1300000)
  from space 19456K, 68% used [0x00000000f1300000,0x00000000f1ffbe50,0x00000000f2600000)
  to   space 20480K, 0% used [0x00000000f3100000,0x00000000f3100000,0x00000000f4500000)
 ParOldGen       total 78848K, used 28379K [0x00000000c0000000, 0x00000000c4d00000, 0x00000000eab00000)
  object space 78848K, 35% used [0x00000000c0000000,0x00000000c1bb6d18,0x00000000c4d00000)
 Metaspace       used 61545K, capacity 63398K, committed 63488K, reserved 1103872K
  class space    used 8008K, capacity 8369K, committed 8448K, reserved 1048576K
GC Heap History (10 events):
Event: 4197.444 GC heap before
{Heap before GC invocations=28 (full 4):
 PSYoungGen      total 98816K, used 98352K [0x00000000eab00000, 0x00000000f3180000, 0x0000000100000000)
  eden space 94720K, 100% used [0x00000000eab00000,0x00000000f0780000,0x00000000f0780000)
  from space 4096K, 88% used [0x00000000f0a00000,0x00000000f0d8c010,0x00000000f0e00000)
  to   space 21504K, 0% used [0x00000000f1c80000,0x00000000f1c80000,0x00000000f3180000)
 ParOldGen       total 78848K, used 25821K [0x00000000c0000000, 0x00000000c4d00000, 0x00000000eab00000)
  object space 78848K, 32% used [0x00000000c0000000,0x00000000c1937768,0x00000000c4d00000)
 Metaspace       used 59859K, capacity 61344K, committed 61696K, reserved 1103872K
  class space    used 7828K, capacity 8118K, committed 8192K, reserved 1048576K
Event: 4197.463 GC heap after
Heap after GC invocations=28 (full 4):
 PSYoungGen      total 117248K, used 7584K [0x00000000eab00000, 0x00000000f3c80000, 0x0000000100000000)
  eden space 95744K, 0% used [0x00000000eab00000,0x00000000eab00000,0x00000000f0880000)
  from space 21504K, 35% used [0x00000000f1c80000,0x00000000f23e8020,0x00000000f3180000)
  to   space 20480K, 0% used [0x00000000f0880000,0x00000000f0880000,0x00000000f1c80000)
 ParOldGen       total 78848K, used 25829K [0x00000000c0000000, 0x00000000c4d00000, 0x00000000eab00000)
  object space 78848K, 32% used [0x00000000c0000000,0x00000000c1939768,0x00000000c4d00000)
 Metaspace       used 59859K, capacity 61344K, committed 61696K, reserved 1103872K
  class space    used 7828K, capacity 8118K, committed 8192K, reserved 1048576K
}
Event: 4201.058 GC heap before
{Heap before GC invocations=29 (full 4):
 PSYoungGen      total 117248K, used 32806K [0x00000000eab00000, 0x00000000f3c80000, 0x0000000100000000)
  eden space 95744K, 26% used [0x00000000eab00000,0x00000000ec3a19b0,0x00000000f0880000)
  from space 21504K, 35% used [0x00000000f1c80000,0x00000000f23e8020,0x00000000f3180000)
  to   space 20480K, 0% used [0x00000000f0880000,0x00000000f0880000,0x00000000f1c80000)
 ParOldGen       total 78848K, used 25829K [0x00000000c0000000, 0x00000000c4d00000, 0x00000000eab00000)
  object space 78848K, 32% used [0x00000000c0000000,0x00000000c1939768,0x00000000c4d00000)
 Metaspace       used 59917K, capacity 61444K, committed 61696K, reserved 1103872K
  class space    used 7837K, capacity 8134K, committed 8192K, reserved 1048576K
Event: 4201.064 GC heap after
Heap after GC invocations=29 (full 4):
 PSYoungGen      total 116224K, used 4144K [0x00000000eab00000, 0x00000000f3b80000, 0x0000000100000000)
  eden space 95744K, 0% used [0x00000000eab00000,0x00000000eab00000,0x00000000f0880000)
  from space 20480K, 20% used [0x00000000f0880000,0x00000000f0c8c010,0x00000000f1c80000)
  to   space 19968K, 0% used [0x00000000f2800000,0x00000000f2800000,0x00000000f3b80000)
 ParOldGen       total 78848K, used 25837K [0x00000000c0000000, 0x00000000c4d00000, 0x00000000eab00000)
  object space 78848K, 32% used [0x00000000c0000000,0x00000000c193b768,0x00000000c4d00000)
 Metaspace       used 59917K, capacity 61444K, committed 61696K, reserved 1103872K
  class space    used 7837K, capacity 8134K, committed 8192K, reserved 1048576K
}
Event: 4201.064 GC heap before
{Heap before GC invocations=30 (full 5):
 PSYoungGen      total 116224K, used 4144K [0x00000000eab00000, 0x00000000f3b80000, 0x0000000100000000)
  eden space 95744K, 0% used [0x00000000eab00000,0x00000000eab00000,0x00000000f0880000)
  from space 20480K, 20% used [0x00000000f0880000,0x00000000f0c8c010,0x00000000f1c80000)
  to   space 19968K, 0% used [0x00000000f2800000,0x00000000f2800000,0x00000000f3b80000)
 ParOldGen       total 78848K, used 25837K [0x00000000c0000000, 0x00000000c4d00000, 0x00000000eab00000)
  object space 78848K, 32% used [0x00000000c0000000,0x00000000c193b768,0x00000000c4d00000)
 Metaspace       used 59917K, capacity 61444K, committed 61696K, reserved 1103872K
  class space    used 7837K, capacity 8134K, committed 8192K, reserved 1048576K
Event: 4201.759 GC heap after
Heap after GC invocations=30 (full 5):
 PSYoungGen      total 116224K, used 0K [0x00000000eab00000, 0x00000000f3b80000, 0x0000000100000000)
  eden space 95744K, 0% used [0x00000000eab00000,0x00000000eab00000,0x00000000f0880000)
  from space 20480K, 0% used [0x00000000f0880000,0x00000000f0880000,0x00000000f1c80000)
  to   space 19968K, 0% used [0x00000000f2800000,0x00000000f2800000,0x00000000f3b80000)
 ParOldGen       total 78848K, used 28363K [0x00000000c0000000, 0x00000000c4d00000, 0x00000000eab00000)
  object space 78848K, 35% used [0x00000000c0000000,0x00000000c1bb2d18,0x00000000c4d00000)
 Metaspace       used 59917K, capacity 61444K, committed 61696K, reserved 1103872K
  class space    used 7837K, capacity 8134K, committed 8192K, reserved 1048576K
}
Event: 4307.180 GC heap before
{Heap before GC invocations=31 (full 5):
 PSYoungGen      total 116224K, used 95744K [0x00000000eab00000, 0x00000000f3b80000, 0x0000000100000000)
  eden space 95744K, 100% used [0x00000000eab00000,0x00000000f0880000,0x00000000f0880000)
  from space 20480K, 0% used [0x00000000f0880000,0x00000000f0880000,0x00000000f1c80000)
  to   space 19968K, 0% used [0x00000000f2800000,0x00000000f2800000,0x00000000f3b80000)
 ParOldGen       total 78848K, used 28363K [0x00000000c0000000, 0x00000000c4d00000, 0x00000000eab00000)
  object space 78848K, 35% used [0x00000000c0000000,0x00000000c1bb2d18,0x00000000c4d00000)
 Metaspace       used 60312K, capacity 61984K, committed 62208K, reserved 1103872K
  class space    used 7865K, capacity 8164K, committed 8192K, reserved 1048576K
Event: 4307.193 GC heap after
Heap after GC invocations=31 (full 5):
 PSYoungGen      total 123904K, used 3488K [0x00000000eab00000, 0x00000000f3900000, 0x0000000100000000)
  eden space 106496K, 0% used [0x00000000eab00000,0x00000000eab00000,0x00000000f1300000)
  from space 17408K, 20% used [0x00000000f2800000,0x00000000f2b68000,0x00000000f3900000)
  to   space 19456K, 0% used [0x00000000f1300000,0x00000000f1300000,0x00000000f2600000)
 ParOldGen       total 78848K, used 28371K [0x00000000c0000000, 0x00000000c4d00000, 0x00000000eab00000)
  object space 78848K, 35% used [0x00000000c0000000,0x00000000c1bb4d18,0x00000000c4d00000)
 Metaspace       used 60312K, capacity 61984K, committed 62208K, reserved 1103872K
  class space    used 7865K, capacity 8164K, committed 8192K, reserved 1048576K
}
Event: 4343.375 GC heap before
{Heap before GC invocations=32 (full 5):
 PSYoungGen      total 123904K, used 109984K [0x00000000eab00000, 0x00000000f3900000, 0x0000000100000000)
  eden space 106496K, 100% used [0x00000000eab00000,0x00000000f1300000,0x00000000f1300000)
  from space 17408K, 20% used [0x00000000f2800000,0x00000000f2b68000,0x00000000f3900000)
  to   space 19456K, 0% used [0x00000000f1300000,0x00000000f1300000,0x00000000f2600000)
 ParOldGen       total 78848K, used 28371K [0x00000000c0000000, 0x00000000c4d00000, 0x00000000eab00000)
  object space 78848K, 35% used [0x00000000c0000000,0x00000000c1bb4d18,0x00000000c4d00000)
 Metaspace       used 61422K, capacity 63206K, committed 63488K, reserved 1103872K
  class space    used 7985K, capacity 8347K, committed 8448K, reserved 1048576K
Event: 4343.402 GC heap after
Heap after GC invocations=32 (full 5):
 PSYoungGen      total 125952K, used 13295K [0x00000000eab00000, 0x00000000f4500000, 0x0000000100000000)
  eden space 106496K, 0% used [0x00000000eab00000,0x00000000eab00000,0x00000000f1300000)
  from space 19456K, 68% used [0x00000000f1300000,0x00000000f1ffbe50,0x00000000f2600000)
  to   space 20480K, 0% used [0x00000000f3100000,0x00000000f3100000,0x00000000f4500000)
 ParOldGen       total 78848K, used 28379K [0x00000000c0000000, 0x00000000c4d00000, 0x00000000eab00000)
  object space 78848K, 35% used [0x00000000c0000000,0x00000000c1bb6d18,0x00000000c4d00000)
 Metaspace       used 61422K, capacity 63206K, committed 63488K, reserved 1103872K
  class space    used 7985K, capacity 8347K, committed 8448K, reserved 1048576K
}

